<?xml version="1.0" encoding="UTF-8"?>
<!-- Generated by org.testng.reporters.JUnitReportReporter -->
<testsuite skipped="0" hostname="HYL-777648" name="test.GridTest2" tests="1" failures="0" timestamp="2020-10-29T16:25:53 IST" time="17.912" errors="0">
  <testcase name="test1" time="17.912" classname="test.GridTest2"/>
  <system-out/>
</testsuite> <!-- test.GridTest2 -->
