<?xml version="1.0" encoding="UTF-8"?>
<!-- Generated by org.testng.reporters.JUnitReportReporter -->
<testsuite skipped="0" hostname="HYL-777648" name="test.GridTest" tests="2" failures="0" timestamp="2020-10-29T16:30:25 IST" time="58.722" errors="0">
  <testcase name="test1" time="35.385" classname="test.GridTest"/>
  <system-out/>
  <testcase name="test1" time="23.337" classname="test.GridTest"/>
  <system-out/>
</testsuite> <!-- test.GridTest -->
