<?xml version="1.0" encoding="UTF-8"?>
<!-- Generated by org.testng.reporters.JUnitReportReporter -->
<testsuite skipped="0" hostname="HYL-777648" name="test.GridTest" tests="2" failures="0" timestamp="2020-10-29T17:21:15 IST" time="55.860" errors="0">
  <testcase name="test1" time="34.422" classname="test.GridTest"/>
  <system-out/>
  <testcase name="test1" time="21.438" classname="test.GridTest"/>
  <system-out/>
</testsuite> <!-- test.GridTest -->
